<?xml version="1.0" encoding="UTF-8"?>
<!-- Generated by org.testng.reporters.JUnitXMLReporter -->
<testsuite hostname="Dipesh-PC" ignored="4" tests="0" failures="0" timestamp="2020-02-05T19:34:46 PST" time="0.027" errors="0">
  <testcase name="test3" time="0.0" classname="demo.TestNGGroupsDemo">
    <ignored/>
  </testcase> <!-- test3 -->
  <testcase name="test2" time="0.0" classname="demo.TestNGGroupsDemo">
    <ignored/>
  </testcase> <!-- test2 -->
  <testcase name="test4" time="0.0" classname="demo.TestNGGroupsDemo">
    <ignored/>
  </testcase> <!-- test4 -->
  <testcase name="test1" time="0.0" classname="demo.TestNGGroupsDemo">
    <ignored/>
  </testcase> <!-- test1 -->
</testsuite>
