<?xml version="1.0" encoding="UTF-8"?>
<!-- Generated by org.testng.reporters.JUnitXMLReporter -->
<testsuite hostname="Dipesh-PC" ignored="0" name="Test1" tests="5" failures="0" timestamp="27 Dec 2019 04:10:02 GMT" time="39.694" errors="0">
  <testcase name="chk" time="0.012" classname="test.TestNG_Demo2"/>
  <testcase name="chk" time="0.016" classname="test.TestNG_Demo"/>
  <testcase name="googleSearch" time="5.429" classname="test.TestNG_Demo"/>
  <testcase name="googleSearch2" time="7.286" classname="test.TestNG_Demo2"/>
  <testcase name="googleSearch3" time="7.611" classname="test.TestNG_Demo2"/>
</testsuite> <!-- Test1 -->
