<?xml version="1.0" encoding="UTF-8"?>
<testng-results skipped="0" failed="0" ignored="4" total="4" passed="0">
  <reporter-output>
  </reporter-output>
  <suite name="Default suite" duration-ms="27" started-at="2020-02-05T19:34:46 PST" finished-at="2020-02-05T19:34:46 PST">
    <groups>
    </groups>
    <test name="Default test" duration-ms="27" started-at="2020-02-05T19:34:46 PST" finished-at="2020-02-05T19:34:46 PST">
    </test> <!-- Default test -->
  </suite> <!-- Default suite -->
</testng-results>
